<?xml version="1.0" encoding="UTF-8"?>
<!-- Generated by org.testng.reporters.JUnitXMLReporter -->
<testsuite hostname="CH1LPEGR90W7EQN" ignored="0" name="Default test" tests="4" failures="0" timestamp="22 Oct 2021 07:46:11 GMT" time="50.509" errors="0">
  <testcase name="title" time="0.078" classname="testcases.HomePage"/>
  <testcase name="imgTest" time="0.143" classname="testcases.HomePage"/>
  <testcase name="dDnIndustries" time="3.019" classname="testcases.HomePage"/>
  <testcase name="btnConnect" time="0.158" classname="testcases.HomePage"/>
</testsuite> <!-- Default test -->
