<?xml version="1.0" encoding="UTF-8"?>
<!-- Generated by org.testng.reporters.JUnitXMLReporter -->
<testsuite hostname="CH1LPEGR90W7EQN" ignored="0" name="Default test" tests="4" failures="0" timestamp="25 Oct 2021 06:54:39 GMT" time="50.89" errors="0">
  <testcase name="title" time="0.12" classname="testcases.HomePage"/>
  <testcase name="imgTest" time="0.117" classname="testcases.HomePage"/>
  <testcase name="dDnIndustries" time="2.705" classname="testcases.HomePage"/>
  <testcase name="btnConnect" time="2.96" classname="testcases.HomePage"/>
</testsuite> <!-- Default test -->
