<?xml version="1.0" encoding="UTF-8"?>
<testng-results skipped="0" failed="0" ignored="0" total="1" passed="1">
  <reporter-output>
  </reporter-output>
  <suite name="Default suite" duration-ms="208" started-at="2021-11-02T05:08:25Z" finished-at="2021-11-02T05:08:26Z">
    <groups>
    </groups>
    <test name="Default test" duration-ms="208" started-at="2021-11-02T05:08:25Z" finished-at="2021-11-02T05:08:26Z">
      <class name="testcases.CSVTestCase">
        <test-method status="PASS" signature="f()[pri:0, instance:testcases.CSVTestCase@223aa2f7]" name="f" duration-ms="89" started-at="2021-11-02T05:08:26Z" finished-at="2021-11-02T05:08:26Z">
          <reporter-output>
          </reporter-output>
        </test-method> <!-- f -->
      </class> <!-- testcases.CSVTestCase -->
    </test> <!-- Default test -->
  </suite> <!-- Default suite -->
</testng-results>
